# JRE version: Java(TM) SE Runtime Environment 18.9 (11.0.8+10) (build 11.0.8+10-LTS)
# Java VM: Java HotSpot(TM) 64-Bit Server VM 18.9 (11.0.8+10-LTS, mixed mode, tiered, compressed oops, g1 gc, windows-amd64)
Heap:
 garbage-first heap   total 118784K, used 15530K [0x00000000a0800000, 0x0000000100000000)
  region size 1024K, 7 young (7168K), 7 survivors (7168K)
 Metaspace       used 30718K, capacity 31799K, committed 32048K, reserved 1089536K
  class space    used 3764K, capacity 4201K, committed 4224K, reserved 1048576K
GC Heap History (9 events):
Event: 0.819 GC heap before
{Heap before GC invocations=0 (full 0):
 garbage-first heap   total 98304K, used 24576K [0x00000000a0800000, 0x0000000100000000)
  region size 1024K, 24 young (24576K), 0 survivors (0K)
 Metaspace       used 11290K, capacity 11588K, committed 11776K, reserved 1071104K
  class space    used 1159K, capacity 1254K, committed 1280K, reserved 1048576K
}
Event: 0.827 GC heap after
{Heap after GC invocations=1 (full 0):
 garbage-first heap   total 98304K, used 6329K [0x00000000a0800000, 0x0000000100000000)
  region size 1024K, 3 young (3072K), 3 survivors (3072K)
 Metaspace       used 11290K, capacity 11588K, committed 11776K, reserved 1071104K
  class space    used 1159K, capacity 1254K, committed 1280K, reserved 1048576K
}
Event: 1.495 GC heap before
{Heap before GC invocations=1 (full 0):
 garbage-first heap   total 98304K, used 60601K [0x00000000a0800000, 0x0000000100000000)
  region size 1024K, 57 young (58368K), 3 survivors (3072K)
 Metaspace       used 20278K, capacity 20858K, committed 21120K, reserved 1081344K
  class space    used 2342K, capacity 2616K, committed 2688K, reserved 1048576K
}
Event: 1.501 GC heap after
{Heap after GC invocations=2 (full 0):
 garbage-first heap   total 98304K, used 8569K [0x00000000a0800000, 0x0000000100000000)
  region size 1024K, 6 young (6144K), 6 survivors (6144K)
 Metaspace       used 20278K, capacity 20858K, committed 21120K, reserved 1081344K
  class space    used 2342K, capacity 2616K, committed 2688K, reserved 1048576K
}
Event: 1.524 GC heap before
{Heap before GC invocations=2 (full 0):
 garbage-first heap   total 98304K, used 39289K [0x00000000a0800000, 0x0000000100000000)
  region size 1024K, 38 young (38912K), 6 survivors (6144K)
 Metaspace       used 20585K, capacity 21146K, committed 21296K, reserved 1081344K
  class space    used 2365K, capacity 2648K, committed 2688K, reserved 1048576K
}
Event: 1.529 GC heap after
{Heap after GC invocations=3 (full 0):
 garbage-first heap   total 98304K, used 9235K [0x00000000a0800000, 0x0000000100000000)
  region size 1024K, 3 young (3072K), 3 survivors (3072K)
 Metaspace       used 20585K, capacity 21146K, committed 21296K, reserved 1081344K
  class space    used 2365K, capacity 2648K, committed 2688K, reserved 1048576K
}
Event: 2.372 GC heap before
{Heap before GC invocations=4 (full 0):
 garbage-first heap   total 98304K, used 64531K [0x00000000a0800000, 0x0000000100000000)
  region size 1024K, 57 young (58368K), 3 survivors (3072K)
 Metaspace       used 25234K, capacity 26036K, committed 26160K, reserved 1085440K
  class space    used 3054K, capacity 3397K, committed 3456K, reserved 1048576K
}
Event: 2.381 GC heap after
{Heap after GC invocations=5 (full 0):
 garbage-first heap   total 98304K, used 11472K [0x00000000a0800000, 0x0000000100000000)
  region size 1024K, 5 young (5120K), 5 survivors (5120K)
 Metaspace       used 25234K, capacity 26036K, committed 26160K, reserved 1085440K
  class space    used 3054K, capacity 3397K, committed 3456K, reserved 1048576K
}
Event: 3.419 GC heap before
{Heap before GC invocations=5 (full 0):
 garbage-first heap   total 98304K, used 63696K [0x00000000a0800000, 0x0000000100000000)
  region size 1024K, 57 young (58368K), 5 survivors (5120K)
 Metaspace       used 30718K, capacity 31799K, committed 32048K, reserved 1089536K
  class space    used 3764K, capacity 4201K, committed 4224K, reserved 1048576K
}

