# JRE version: Java(TM) SE Runtime Environment 18.9 (11.0.8+10) (build 11.0.8+10-LTS)
# Java VM: Java HotSpot(TM) 64-Bit Server VM 18.9 (11.0.8+10-LTS, mixed mode, tiered, compressed oops, g1 gc, windows-amd64)
Heap:
 garbage-first heap   total 143360K, used 86538K [0x00000000a0800000, 0x0000000100000000)
  region size 1024K, 69 young (70656K), 9 survivors (9216K)
 Metaspace       used 58440K, capacity 60162K, committed 60420K, reserved 1101824K
  class space    used 7579K, capacity 8261K, committed 8320K, reserved 1048576K
GC Heap History (10 events):
Event: 3.672 GC heap before
{Heap before GC invocations=6 (full 0):
 garbage-first heap   total 118784K, used 77584K [0x00000000a0800000, 0x0000000100000000)
  region size 1024K, 69 young (70656K), 7 survivors (7168K)
 Metaspace       used 34240K, capacity 35276K, committed 35504K, reserved 1081344K
  class space    used 4110K, capacity 4527K, committed 4608K, reserved 1048576K
}
Event: 3.687 GC heap after
{Heap after GC invocations=7 (full 0):
 garbage-first heap   total 118784K, used 16896K [0x00000000a0800000, 0x0000000100000000)
  region size 1024K, 6 young (6144K), 6 survivors (6144K)
 Metaspace       used 34240K, capacity 35276K, committed 35504K, reserved 1081344K
  class space    used 4110K, capacity 4527K, committed 4608K, reserved 1048576K
}
Event: 3.743 GC heap before
{Heap before GC invocations=7 (full 0):
 garbage-first heap   total 118784K, used 22016K [0x00000000a0800000, 0x0000000100000000)
  region size 1024K, 12 young (12288K), 6 survivors (6144K)
 Metaspace       used 34774K, capacity 35799K, committed 35920K, reserved 1081344K
  class space    used 4176K, capacity 4594K, committed 4608K, reserved 1048576K
}
Event: 3.750 GC heap after
{Heap after GC invocations=8 (full 0):
 garbage-first heap   total 118784K, used 17703K [0x00000000a0800000, 0x0000000100000000)
  region size 1024K, 3 young (3072K), 3 survivors (3072K)
 Metaspace       used 34774K, capacity 35799K, committed 35920K, reserved 1081344K
  class space    used 4176K, capacity 4594K, committed 4608K, reserved 1048576K
}
Event: 4.261 GC heap before
{Heap before GC invocations=9 (full 0):
 garbage-first heap   total 118784K, used 64807K [0x00000000a0800000, 0x0000000100000000)
  region size 1024K, 50 young (51200K), 3 survivors (3072K)
 Metaspace       used 40413K, capacity 41534K, committed 41648K, reserved 1085440K
  class space    used 5084K, capacity 5563K, committed 5632K, reserved 1048576K
}
Event: 4.267 GC heap after
{Heap after GC invocations=10 (full 0):
 garbage-first heap   total 118784K, used 19625K [0x00000000a0800000, 0x0000000100000000)
  region size 1024K, 5 young (5120K), 5 survivors (5120K)
 Metaspace       used 40413K, capacity 41534K, committed 41648K, reserved 1085440K
  class space    used 5084K, capacity 5563K, committed 5632K, reserved 1048576K
}
Event: 5.150 GC heap before
{Heap before GC invocations=10 (full 0):
 garbage-first heap   total 118784K, used 69801K [0x00000000a0800000, 0x0000000100000000)
  region size 1024K, 55 young (56320K), 5 survivors (5120K)
 Metaspace       used 49101K, capacity 50312K, committed 50480K, reserved 1093632K
  class space    used 6301K, capacity 6783K, committed 6784K, reserved 1048576K
}
Event: 5.156 GC heap after
{Heap after GC invocations=11 (full 0):
 garbage-first heap   total 143360K, used 21722K [0x00000000a0800000, 0x0000000100000000)
  region size 1024K, 5 young (5120K), 5 survivors (5120K)
 Metaspace       used 49101K, capacity 50312K, committed 50480K, reserved 1093632K
  class space    used 6301K, capacity 6783K, committed 6784K, reserved 1048576K
}
Event: 5.975 GC heap before
{Heap before GC invocations=11 (full 0):
 garbage-first heap   total 143360K, used 87258K [0x00000000a0800000, 0x0000000100000000)
  region size 1024K, 69 young (70656K), 5 survivors (5120K)
 Metaspace       used 53573K, capacity 55178K, committed 55472K, reserved 1097728K
  class space    used 6921K, capacity 7555K, committed 7680K, reserved 1048576K
}
Event: 5.983 GC heap after
{Heap after GC invocations=12 (full 0):
 garbage-first heap   total 143360K, used 26122K [0x00000000a0800000, 0x0000000100000000)
  region size 1024K, 9 young (9216K), 9 survivors (9216K)
 Metaspace       used 53573K, capacity 55178K, committed 55472K, reserved 1097728K
  class space    used 6921K, capacity 7555K, committed 7680K, reserved 1048576K
}

